[2023-10-06 18:02:29] at /board/update.jsp
{DB.execute} UPDATE jihyeon SET title = WHERE idx = 1 => You have an error in your SQL syntax; check the manual that corresponds to your MySQL server version for the right syntax to use near 'WHERE idx = 1' at line 1 (You have an error in your SQL syntax; check the manual that corresponds to your MySQL server version for the right syntax to use near 'WHERE idx = 1' at line 1)at /board/update.jsp
{DB.execute} UPDATE jihyeon SET title = WHERE idx = 1 => You have an error in your SQL syntax; check the manual that corresponds to your MySQL server version for the right syntax to use near 'WHERE idx = 1' at line 1 (You have an error in your SQL syntax; check the manual that corresponds to your MySQL server version for the right syntax to use near 'WHERE idx = 1' at line 1)
[2023-10-06 18:02:29] at /board/update.jsp
{DB.execute} UPDATE jihyeon SET content = 변경했어요 33WHERE idx = 1 => You have an error in your SQL syntax; check the manual that corresponds to your MySQL server version for the right syntax to use near '33WHERE idx = 1' at line 1 (You have an error in your SQL syntax; check the manual that corresponds to your MySQL server version for the right syntax to use near '33WHERE idx = 1' at line 1)at /board/update.jsp
{DB.execute} UPDATE jihyeon SET content = 변경했어요 33WHERE idx = 1 => You have an error in your SQL syntax; check the manual that corresponds to your MySQL server version for the right syntax to use near '33WHERE idx = 1' at line 1 (You have an error in your SQL syntax; check the manual that corresponds to your MySQL server version for the right syntax to use near '33WHERE idx = 1' at line 1)
[2023-10-06 18:02:45] at /board/update.jsp
{DB.execute} UPDATE jihyeon SET title = WHERE idx = 1 => You have an error in your SQL syntax; check the manual that corresponds to your MySQL server version for the right syntax to use near 'WHERE idx = 1' at line 1 (You have an error in your SQL syntax; check the manual that corresponds to your MySQL server version for the right syntax to use near 'WHERE idx = 1' at line 1)at /board/update.jsp
{DB.execute} UPDATE jihyeon SET title = WHERE idx = 1 => You have an error in your SQL syntax; check the manual that corresponds to your MySQL server version for the right syntax to use near 'WHERE idx = 1' at line 1 (You have an error in your SQL syntax; check the manual that corresponds to your MySQL server version for the right syntax to use near 'WHERE idx = 1' at line 1)
[2023-10-06 18:02:45] at /board/update.jsp
{DB.execute} UPDATE jihyeon SET content = 변경했어요 5435435435WHERE idx = 1 => You have an error in your SQL syntax; check the manual that corresponds to your MySQL server version for the right syntax to use near '5435435435WHERE idx = 1' at line 1 (You have an error in your SQL syntax; check the manual that corresponds to your MySQL server version for the right syntax to use near '5435435435WHERE idx = 1' at line 1)at /board/update.jsp
{DB.execute} UPDATE jihyeon SET content = 변경했어요 5435435435WHERE idx = 1 => You have an error in your SQL syntax; check the manual that corresponds to your MySQL server version for the right syntax to use near '5435435435WHERE idx = 1' at line 1 (You have an error in your SQL syntax; check the manual that corresponds to your MySQL server version for the right syntax to use near '5435435435WHERE idx = 1' at line 1)
[2023-10-06 18:03:00] at /board/update.jsp
{DB.execute} UPDATE jihyeon SET title = WHERE idx = 1 => You have an error in your SQL syntax; check the manual that corresponds to your MySQL server version for the right syntax to use near 'WHERE idx = 1' at line 1 (You have an error in your SQL syntax; check the manual that corresponds to your MySQL server version for the right syntax to use near 'WHERE idx = 1' at line 1)at /board/update.jsp
{DB.execute} UPDATE jihyeon SET title = WHERE idx = 1 => You have an error in your SQL syntax; check the manual that corresponds to your MySQL server version for the right syntax to use near 'WHERE idx = 1' at line 1 (You have an error in your SQL syntax; check the manual that corresponds to your MySQL server version for the right syntax to use near 'WHERE idx = 1' at line 1)
[2023-10-06 18:03:00] at /board/update.jsp
{DB.execute} UPDATE jihyeon SET content = 변경했어요 ㅇㄴㄹㅇㄴㄹㅇㄴㄹㅇㄴㄹWHERE idx = 1 => You have an error in your SQL syntax; check the manual that corresponds to your MySQL server version for the right syntax to use near 'ㅇㄴㄹㅇㄴㄹㅇㄴㄹㅇㄴㄹWHERE idx = 1' at line 1 (You have an error in your SQL syntax; check the manual that corresponds to your MySQL server version for the right syntax to use near 'ㅇㄴㄹㅇㄴㄹㅇㄴㄹㅇㄴㄹWHERE idx = 1' at line 1)at /board/update.jsp
{DB.execute} UPDATE jihyeon SET content = 변경했어요 ㅇㄴㄹㅇㄴㄹㅇㄴㄹㅇㄴㄹWHERE idx = 1 => You have an error in your SQL syntax; check the manual that corresponds to your MySQL server version for the right syntax to use near 'ㅇㄴㄹㅇㄴㄹㅇㄴㄹㅇㄴㄹWHERE idx = 1' at line 1 (You have an error in your SQL syntax; check the manual that corresponds to your MySQL server version for the right syntax to use near 'ㅇㄴㄹㅇㄴㄹㅇㄴㄹㅇㄴㄹWHERE idx = 1' at line 1)
[2023-10-06 18:04:05] at /board/update.jsp
{DB.execute} UPDATE jihyeon SET title = WHERE idx = 1 => You have an error in your SQL syntax; check the manual that corresponds to your MySQL server version for the right syntax to use near 'WHERE idx = 1' at line 1 (You have an error in your SQL syntax; check the manual that corresponds to your MySQL server version for the right syntax to use near 'WHERE idx = 1' at line 1)at /board/update.jsp
{DB.execute} UPDATE jihyeon SET title = WHERE idx = 1 => You have an error in your SQL syntax; check the manual that corresponds to your MySQL server version for the right syntax to use near 'WHERE idx = 1' at line 1 (You have an error in your SQL syntax; check the manual that corresponds to your MySQL server version for the right syntax to use near 'WHERE idx = 1' at line 1)
[2023-10-06 18:04:05] at /board/update.jsp
{DB.execute} UPDATE jihyeon SET content = 변경했어요 WHERE idx = 1 => Unknown column '변경했어요' in 'field list' (Unknown column '변경했어요' in 'field list')at /board/update.jsp
{DB.execute} UPDATE jihyeon SET content = 변경했어요 WHERE idx = 1 => Unknown column '변경했어요' in 'field list' (Unknown column '변경했어요' in 'field list')
[2023-10-06 18:05:05] at /board/update.jsp
{DB.execute} UPDATE jihyeon SET title = WHERE idx = 1 => You have an error in your SQL syntax; check the manual that corresponds to your MySQL server version for the right syntax to use near 'WHERE idx = 1' at line 1 (You have an error in your SQL syntax; check the manual that corresponds to your MySQL server version for the right syntax to use near 'WHERE idx = 1' at line 1)at /board/update.jsp
{DB.execute} UPDATE jihyeon SET title = WHERE idx = 1 => You have an error in your SQL syntax; check the manual that corresponds to your MySQL server version for the right syntax to use near 'WHERE idx = 1' at line 1 (You have an error in your SQL syntax; check the manual that corresponds to your MySQL server version for the right syntax to use near 'WHERE idx = 1' at line 1)
[2023-10-06 18:05:05] at /board/update.jsp
{DB.execute} UPDATE jihyeon SET content = 변경했어요 WHERE idx = 1 => Unknown column '변경했어요' in 'field list' (Unknown column '변경했어요' in 'field list')at /board/update.jsp
{DB.execute} UPDATE jihyeon SET content = 변경했어요 WHERE idx = 1 => Unknown column '변경했어요' in 'field list' (Unknown column '변경했어요' in 'field list')
[2023-10-06 18:05:19] at /board/update.jsp
{DB.execute} UPDATE jihyeon SET title = WHERE idx = 1 => You have an error in your SQL syntax; check the manual that corresponds to your MySQL server version for the right syntax to use near 'WHERE idx = 1' at line 1 (You have an error in your SQL syntax; check the manual that corresponds to your MySQL server version for the right syntax to use near 'WHERE idx = 1' at line 1)at /board/update.jsp
{DB.execute} UPDATE jihyeon SET title = WHERE idx = 1 => You have an error in your SQL syntax; check the manual that corresponds to your MySQL server version for the right syntax to use near 'WHERE idx = 1' at line 1 (You have an error in your SQL syntax; check the manual that corresponds to your MySQL server version for the right syntax to use near 'WHERE idx = 1' at line 1)
[2023-10-06 18:05:19] at /board/update.jsp
{DB.execute} UPDATE jihyeon SET content = 변경할거야WHERE idx = 1 => You have an error in your SQL syntax; check the manual that corresponds to your MySQL server version for the right syntax to use near 'idx = 1' at line 1 (You have an error in your SQL syntax; check the manual that corresponds to your MySQL server version for the right syntax to use near 'idx = 1' at line 1)at /board/update.jsp
{DB.execute} UPDATE jihyeon SET content = 변경할거야WHERE idx = 1 => You have an error in your SQL syntax; check the manual that corresponds to your MySQL server version for the right syntax to use near 'idx = 1' at line 1 (You have an error in your SQL syntax; check the manual that corresponds to your MySQL server version for the right syntax to use near 'idx = 1' at line 1)
